[debug] [2022-07-29T11:12:22.107Z] ----------------------------------------------------------------------
[debug] [2022-07-29T11:12:22.109Z] Command:       C:\Program Files\nodejs\node.exe C:\Users\hp\AppData\Roaming\npm\node_modules\firebase-tools\lib\bin\firebase.js deploy
[debug] [2022-07-29T11:12:22.110Z] CLI Version:   10.2.2
[debug] [2022-07-29T11:12:22.110Z] Platform:      win32
[debug] [2022-07-29T11:12:22.111Z] Node Version:  v16.14.0
[debug] [2022-07-29T11:12:22.117Z] Time:          Fri Jul 29 2022 17:12:22 GMT+0600 (Bangladesh Standard Time)
[debug] [2022-07-29T11:12:22.118Z] ----------------------------------------------------------------------
[debug] 
[debug] [2022-07-29T11:12:22.125Z] >>> [apiv2][query] GET https://firebase-public.firebaseio.com/cli.json [none]
[debug] [2022-07-29T11:12:22.247Z] > command requires scopes: ["email","openid","https://www.googleapis.com/auth/cloudplatformprojects.readonly","https://www.googleapis.com/auth/firebase","https://www.googleapis.com/auth/cloud-platform"]
[debug] [2022-07-29T11:12:22.248Z] > authorizing via signed-in user (roberthigdonweb@gmail.com)
[debug] [2022-07-29T11:12:22.248Z] [iam] checking project onedemic for permissions ["firebase.projects.get","firebasehosting.sites.update"]
[debug] [2022-07-29T11:12:22.250Z] > refreshing access token with scopes: []
[debug] [2022-07-29T11:12:22.251Z] >>> HTTP REQUEST POST https://www.googleapis.com/oauth2/v3/token  
 <request body omitted>
[debug] [2022-07-29T11:12:22.547Z] <<< HTTP RESPONSE 200 {"date":"Fri, 29 Jul 2022 11:12:26 GMT","pragma":"no-cache","cache-control":"no-cache, no-store, max-age=0, must-revalidate","expires":"Mon, 01 Jan 1990 00:00:00 GMT","content-type":"application/json; charset=utf-8","vary":"X-Origin, Referer, Origin,Accept-Encoding","server":"scaffolding on HTTPServer2","x-xss-protection":"0","x-frame-options":"SAMEORIGIN","x-content-type-options":"nosniff","alt-svc":"h3=\":443\"; ma=2592000,h3-29=\":443\"; ma=2592000,h3-Q050=\":443\"; ma=2592000,h3-Q046=\":443\"; ma=2592000,h3-Q043=\":443\"; ma=2592000,quic=\":443\"; ma=2592000; v=\"46,43\"","accept-ranges":"none","transfer-encoding":"chunked"}
[debug] [2022-07-29T11:12:22.562Z] >>> [apiv2][query] POST https://cloudresourcemanager.googleapis.com/v1/projects/onedemic:testIamPermissions [none]
[debug] [2022-07-29T11:12:22.562Z] >>> [apiv2][body] POST https://cloudresourcemanager.googleapis.com/v1/projects/onedemic:testIamPermissions {"permissions":["firebase.projects.get","firebasehosting.sites.update"]}
[debug] [2022-07-29T11:12:22.991Z] <<< [apiv2][status] GET https://firebase-public.firebaseio.com/cli.json 200
[debug] [2022-07-29T11:12:22.991Z] <<< [apiv2][body] GET https://firebase-public.firebaseio.com/cli.json {"cloudBuildErrorAfter":1594252800000,"cloudBuildWarnAfter":1590019200000,"defaultNode10After":1594252800000,"minVersion":"3.0.5","node8DeploysDisabledAfter":1613390400000,"node8RuntimeDisabledAfter":1615809600000,"node8WarnAfter":1600128000000}
[debug] [2022-07-29T11:12:24.031Z] <<< [apiv2][status] POST https://cloudresourcemanager.googleapis.com/v1/projects/onedemic:testIamPermissions 200
[debug] [2022-07-29T11:12:24.033Z] <<< [apiv2][body] POST https://cloudresourcemanager.googleapis.com/v1/projects/onedemic:testIamPermissions {}
[debug] [2022-07-29T11:12:24.035Z] [iam] error while checking permissions, command may fail: FirebaseError: Authorization failed. This account is missing the following required permissions on project onedemic:

  firebase.projects.get
  firebasehosting.sites.update
[debug] [2022-07-29T11:12:24.038Z] >>> [apiv2][query] GET https://firebase.googleapis.com/v1beta1/projects/onedemic [none]
[debug] [2022-07-29T11:12:24.593Z] <<< [apiv2][status] GET https://firebase.googleapis.com/v1beta1/projects/onedemic 403
[debug] [2022-07-29T11:12:24.594Z] <<< [apiv2][body] GET https://firebase.googleapis.com/v1beta1/projects/onedemic {"error":{"code":403,"message":"The caller does not have permission","status":"PERMISSION_DENIED"}}
[debug] [2022-07-29T11:12:24.594Z] HTTP Error: 403, The caller does not have permission
[debug] [2022-07-29T11:12:24.900Z] FirebaseError: HTTP Error: 403, The caller does not have permission
    at module.exports (C:\Users\hp\AppData\Roaming\npm\node_modules\firebase-tools\lib\responseToError.js:47:12)
    at RetryOperation._fn (C:\Users\hp\AppData\Roaming\npm\node_modules\firebase-tools\lib\apiv2.js:286:39)
    at processTicksAndRejections (node:internal/process/task_queues:96:5)
[error] 
[error] Error: Failed to get Firebase project onedemic. Please make sure the project exists and your account has permission to access it.
[debug] [2022-07-29T11:29:39.701Z] ----------------------------------------------------------------------
[debug] [2022-07-29T11:29:39.703Z] Command:       C:\Program Files\nodejs\node.exe C:\Users\hp\AppData\Roaming\npm\node_modules\firebase-tools\lib\bin\firebase.js deploy
[debug] [2022-07-29T11:29:39.704Z] CLI Version:   10.2.2
[debug] [2022-07-29T11:29:39.704Z] Platform:      win32
[debug] [2022-07-29T11:29:39.704Z] Node Version:  v16.14.0
[debug] [2022-07-29T11:29:39.709Z] Time:          Fri Jul 29 2022 17:29:39 GMT+0600 (Bangladesh Standard Time)
[debug] [2022-07-29T11:29:39.710Z] ----------------------------------------------------------------------
[debug] 
[debug] [2022-07-29T11:29:39.814Z] > command requires scopes: ["email","openid","https://www.googleapis.com/auth/cloudplatformprojects.readonly","https://www.googleapis.com/auth/firebase","https://www.googleapis.com/auth/cloud-platform"]
[debug] [2022-07-29T11:29:39.814Z] > authorizing via signed-in user (roberthigdonweb@gmail.com)
[debug] [2022-07-29T11:29:39.814Z] [iam] checking project onedemic for permissions ["firebase.projects.get","firebasehosting.sites.update"]
[debug] [2022-07-29T11:29:39.817Z] >>> [apiv2][query] POST https://cloudresourcemanager.googleapis.com/v1/projects/onedemic:testIamPermissions [none]
[debug] [2022-07-29T11:29:39.817Z] >>> [apiv2][body] POST https://cloudresourcemanager.googleapis.com/v1/projects/onedemic:testIamPermissions {"permissions":["firebase.projects.get","firebasehosting.sites.update"]}
[debug] [2022-07-29T11:29:41.420Z] <<< [apiv2][status] POST https://cloudresourcemanager.googleapis.com/v1/projects/onedemic:testIamPermissions 200
[debug] [2022-07-29T11:29:41.420Z] <<< [apiv2][body] POST https://cloudresourcemanager.googleapis.com/v1/projects/onedemic:testIamPermissions {}
[debug] [2022-07-29T11:29:41.420Z] [iam] error while checking permissions, command may fail: FirebaseError: Authorization failed. This account is missing the following required permissions on project onedemic:

  firebase.projects.get
  firebasehosting.sites.update
[debug] [2022-07-29T11:29:41.421Z] >>> [apiv2][query] GET https://firebase.googleapis.com/v1beta1/projects/onedemic [none]
[debug] [2022-07-29T11:29:41.874Z] <<< [apiv2][status] GET https://firebase.googleapis.com/v1beta1/projects/onedemic 403
[debug] [2022-07-29T11:29:41.874Z] <<< [apiv2][body] GET https://firebase.googleapis.com/v1beta1/projects/onedemic {"error":{"code":403,"message":"The caller does not have permission","status":"PERMISSION_DENIED"}}
[debug] [2022-07-29T11:29:41.875Z] HTTP Error: 403, The caller does not have permission
[debug] [2022-07-29T11:29:42.192Z] FirebaseError: HTTP Error: 403, The caller does not have permission
    at module.exports (C:\Users\hp\AppData\Roaming\npm\node_modules\firebase-tools\lib\responseToError.js:47:12)
    at RetryOperation._fn (C:\Users\hp\AppData\Roaming\npm\node_modules\firebase-tools\lib\apiv2.js:286:39)
    at processTicksAndRejections (node:internal/process/task_queues:96:5)
[error] 
[error] Error: Failed to get Firebase project onedemic. Please make sure the project exists and your account has permission to access it.
[debug] [2022-07-29T11:32:08.677Z] ----------------------------------------------------------------------
[debug] [2022-07-29T11:32:08.681Z] Command:       C:\Program Files\nodejs\node.exe C:\Users\hp\AppData\Roaming\npm\node_modules\firebase-tools\lib\bin\firebase.js deploy
[debug] [2022-07-29T11:32:08.682Z] CLI Version:   11.4.0
[debug] [2022-07-29T11:32:08.682Z] Platform:      win32
[debug] [2022-07-29T11:32:08.682Z] Node Version:  v16.14.0
[debug] [2022-07-29T11:32:08.683Z] Time:          Fri Jul 29 2022 17:32:08 GMT+0600 (Bangladesh Standard Time)
[debug] [2022-07-29T11:32:08.684Z] ----------------------------------------------------------------------
[debug] 
[debug] [2022-07-29T11:32:08.758Z] > command requires scopes: ["email","openid","https://www.googleapis.com/auth/cloudplatformprojects.readonly","https://www.googleapis.com/auth/firebase","https://www.googleapis.com/auth/cloud-platform"]
[debug] [2022-07-29T11:32:08.759Z] > authorizing via signed-in user (roberthigdonweb@gmail.com)
[debug] [2022-07-29T11:32:08.759Z] [iam] checking project onedemic for permissions ["firebase.projects.get","firebasehosting.sites.update"]
[debug] [2022-07-29T11:32:08.761Z] >>> [apiv2][query] POST https://cloudresourcemanager.googleapis.com/v1/projects/onedemic:testIamPermissions [none]
[debug] [2022-07-29T11:32:08.762Z] >>> [apiv2][(partial)header] POST https://cloudresourcemanager.googleapis.com/v1/projects/onedemic:testIamPermissions x-goog-quota-user=projects/onedemic
[debug] [2022-07-29T11:32:08.762Z] >>> [apiv2][body] POST https://cloudresourcemanager.googleapis.com/v1/projects/onedemic:testIamPermissions {"permissions":["firebase.projects.get","firebasehosting.sites.update"]}
[debug] [2022-07-29T11:32:10.237Z] <<< [apiv2][status] POST https://cloudresourcemanager.googleapis.com/v1/projects/onedemic:testIamPermissions 200
[debug] [2022-07-29T11:32:10.237Z] <<< [apiv2][body] POST https://cloudresourcemanager.googleapis.com/v1/projects/onedemic:testIamPermissions {}
[debug] [2022-07-29T11:32:10.238Z] [iam] error while checking permissions, command may fail: FirebaseError: Authorization failed. This account is missing the following required permissions on project onedemic:

  firebase.projects.get
  firebasehosting.sites.update
[debug] [2022-07-29T11:32:10.239Z] >>> [apiv2][query] GET https://firebase.googleapis.com/v1beta1/projects/onedemic [none]
[debug] [2022-07-29T11:32:10.782Z] <<< [apiv2][status] GET https://firebase.googleapis.com/v1beta1/projects/onedemic 403
[debug] [2022-07-29T11:32:10.782Z] <<< [apiv2][body] GET https://firebase.googleapis.com/v1beta1/projects/onedemic {"error":{"code":403,"message":"The caller does not have permission","status":"PERMISSION_DENIED"}}
[debug] [2022-07-29T11:32:10.786Z] HTTP Error: 403, The caller does not have permission
[debug] [2022-07-29T11:32:11.100Z] FirebaseError: HTTP Error: 403, The caller does not have permission
    at responseToError (C:\Users\hp\AppData\Roaming\npm\node_modules\firebase-tools\lib\responseToError.js:49:12)
    at RetryOperation._fn (C:\Users\hp\AppData\Roaming\npm\node_modules\firebase-tools\lib\apiv2.js:288:77)
    at processTicksAndRejections (node:internal/process/task_queues:96:5)
[error] 
[error] Error: Failed to get Firebase project onedemic. Please make sure the project exists and your account has permission to access it.
